TN:
SF:__fixtures__/result.js
FNF:0
FNH:0
DA:1,1
LF:1
LH:1
BRF:0
BRH:0
end_of_record
TN:
SF:bin/logics.js
FN:5,(anonymous_0)
FN:30,(anonymous_1)
FN:33,(anonymous_2)
FN:51,(anonymous_3)
FNF:4
FNH:4
FNDA:1,(anonymous_0)
FNDA:1,(anonymous_1)
FNDA:10,(anonymous_2)
FNDA:1,(anonymous_3)
DA:5,1
DA:6,1
DA:7,1
DA:8,1
DA:10,1
DA:11,4
DA:12,1
DA:14,4
DA:15,1
DA:16,1
DA:18,4
DA:19,2
DA:23,1
DA:24,3
DA:25,1
DA:29,1
DA:30,1
DA:31,1
DA:32,1
DA:33,1
DA:34,10
DA:35,4
DA:37,6
DA:38,5
DA:40,1
DA:43,1
DA:44,6
DA:46,1
DA:48,1
DA:51,1
DA:52,1
DA:53,1
DA:54,1
LF:33
LH:33
BRDA:11,0,0,1
BRDA:11,0,1,3
BRDA:11,1,0,4
BRDA:11,1,1,2
BRDA:14,2,0,1
BRDA:14,2,1,3
BRDA:14,3,0,4
BRDA:14,3,1,2
BRDA:18,4,0,2
BRDA:18,4,1,2
BRDA:24,5,0,1
BRDA:24,5,1,2
BRDA:34,6,0,4
BRDA:34,6,1,6
BRDA:37,7,0,5
BRDA:37,7,1,1
BRF:16
BRH:16
end_of_record
